<?xml version="1.0" encoding="UTF-8"?>
<testng-results skipped="0" failed="0" ignored="0" total="1" passed="1">
  <reporter-output>
  </reporter-output>
  <suite name="Default suite" duration-ms="14471" started-at="2017-05-04T07:33:33Z" finished-at="2017-05-04T07:33:47Z">
    <groups>
    </groups>
    <test name="Default test" duration-ms="14471" started-at="2017-05-04T07:33:33Z" finished-at="2017-05-04T07:33:47Z">
      <class name="testcases.VerifyCxpHomePage">
        <test-method status="PASS" signature="openbrowser()[pri:0, instance:testcases.VerifyCxpHomePage@1774679]" name="openbrowser" is-config="true" duration-ms="12311" started-at="2017-05-04T13:03:33Z" finished-at="2017-05-04T13:03:45Z">
          <reporter-output>
          </reporter-output>
        </test-method> <!-- openbrowser -->
        <test-method status="PASS" signature="TestCxpLoginPage()[pri:0, instance:testcases.VerifyCxpHomePage@1774679]" name="TestCxpLoginPage" duration-ms="645" started-at="2017-05-04T13:03:45Z" finished-at="2017-05-04T13:03:46Z">
          <reporter-output>
          </reporter-output>
        </test-method> <!-- TestCxpLoginPage -->
        <test-method status="PASS" signature="teardown(org.testng.ITestResult)[pri:0, instance:testcases.VerifyCxpHomePage@1774679]" name="teardown" is-config="true" duration-ms="1490" started-at="2017-05-04T13:03:46Z" finished-at="2017-05-04T13:03:47Z">
          <params>
            <param index="0">
              <value>
                <![CDATA[[TestResult name=TestCxpLoginPage status=SUCCESS method=VerifyCxpHomePage.TestCxpLoginPage()[pri:0, instance:testcases.VerifyCxpHomePage@1774679] output={null}]]]>
              </value>
            </param>
          </params>
          <reporter-output>
          </reporter-output>
        </test-method> <!-- teardown -->
      </class> <!-- testcases.VerifyCxpHomePage -->
    </test> <!-- Default test -->
  </suite> <!-- Default suite -->
</testng-results>
